INFO - 2023-12-09 03:26:38 --> Session: Class initialized using 'CodeIgniter\Session\Handlers\FileHandler' driver.
INFO - 2023-12-09 03:26:38 --> Session: Class initialized using 'CodeIgniter\Session\Handlers\FileHandler' driver.
INFO - 2023-12-09 03:26:59 --> Session: Class initialized using 'CodeIgniter\Session\Handlers\FileHandler' driver.
ERROR - 2023-12-09 03:27:03 --> Error connecting to the database: mysqli_sql_exception: No connection could be made because the target machine actively refused it in F:\XAMPP\htdocs\WDPF55_CI\CI_project\system\Database\MySQLi\Connection.php:185
Stack trace:
#0 F:\XAMPP\htdocs\WDPF55_CI\CI_project\system\Database\MySQLi\Connection.php(185): mysqli->real_connect('localhost', 'root', '', 'wdpf55_ci_proje...', 3306, '', 0)
#1 F:\XAMPP\htdocs\WDPF55_CI\CI_project\system\Database\BaseConnection.php(392): CodeIgniter\Database\MySQLi\Connection->connect(false)
#2 F:\XAMPP\htdocs\WDPF55_CI\CI_project\system\Database\BaseConnection.php(575): CodeIgniter\Database\BaseConnection->initialize()
#3 F:\XAMPP\htdocs\WDPF55_CI\CI_project\system\Database\BaseBuilder.php(1615): CodeIgniter\Database\BaseConnection->query('SELECT *\nFROM `...', Array, false)
#4 F:\XAMPP\htdocs\WDPF55_CI\CI_project\system\Model.php(264): CodeIgniter\Database\BaseBuilder->get()
#5 F:\XAMPP\htdocs\WDPF55_CI\CI_project\system\BaseModel.php(662): CodeIgniter\Model->doFirst()
#6 F:\XAMPP\htdocs\WDPF55_CI\CI_project\app\Controllers\SigninController.php(23): CodeIgniter\BaseModel->first()
#7 F:\XAMPP\htdocs\WDPF55_CI\CI_project\system\CodeIgniter.php(942): App\Controllers\SigninController->login()
#8 F:\XAMPP\htdocs\WDPF55_CI\CI_project\system\CodeIgniter.php(502): CodeIgniter\CodeIgniter->runController(Object(App\Controllers\SigninController))
#9 F:\XAMPP\htdocs\WDPF55_CI\CI_project\system\CodeIgniter.php(361): CodeIgniter\CodeIgniter->handleRequest(NULL, Object(Config\Cache), false)
#10 F:\XAMPP\htdocs\WDPF55_CI\CI_project\public\index.php(79): CodeIgniter\CodeIgniter->run()
#11 F:\XAMPP\htdocs\WDPF55_CI\CI_project\system\Commands\Server\rewrite.php(47): require_once('F:\\XAMPP\\htdocs...')
#12 {main}

Next CodeIgniter\Database\Exceptions\DatabaseException: No connection could be made because the target machine actively refused it in F:\XAMPP\htdocs\WDPF55_CI\CI_project\system\Database\MySQLi\Connection.php:229
Stack trace:
#0 F:\XAMPP\htdocs\WDPF55_CI\CI_project\system\Database\BaseConnection.php(392): CodeIgniter\Database\MySQLi\Connection->connect(false)
#1 F:\XAMPP\htdocs\WDPF55_CI\CI_project\system\Database\BaseConnection.php(575): CodeIgniter\Database\BaseConnection->initialize()
#2 F:\XAMPP\htdocs\WDPF55_CI\CI_project\system\Database\BaseBuilder.php(1615): CodeIgniter\Database\BaseConnection->query('SELECT *\nFROM `...', Array, false)
#3 F:\XAMPP\htdocs\WDPF55_CI\CI_project\system\Model.php(264): CodeIgniter\Database\BaseBuilder->get()
#4 F:\XAMPP\htdocs\WDPF55_CI\CI_project\system\BaseModel.php(662): CodeIgniter\Model->doFirst()
#5 F:\XAMPP\htdocs\WDPF55_CI\CI_project\app\Controllers\SigninController.php(23): CodeIgniter\BaseModel->first()
#6 F:\XAMPP\htdocs\WDPF55_CI\CI_project\system\CodeIgniter.php(942): App\Controllers\SigninController->login()
#7 F:\XAMPP\htdocs\WDPF55_CI\CI_project\system\CodeIgniter.php(502): CodeIgniter\CodeIgniter->runController(Object(App\Controllers\SigninController))
#8 F:\XAMPP\htdocs\WDPF55_CI\CI_project\system\CodeIgniter.php(361): CodeIgniter\CodeIgniter->handleRequest(NULL, Object(Config\Cache), false)
#9 F:\XAMPP\htdocs\WDPF55_CI\CI_project\public\index.php(79): CodeIgniter\CodeIgniter->run()
#10 F:\XAMPP\htdocs\WDPF55_CI\CI_project\system\Commands\Server\rewrite.php(47): require_once('F:\\XAMPP\\htdocs...')
#11 {main}
CRITICAL - 2023-12-09 03:27:03 --> Unable to connect to the database.
Main connection [MySQLi]: No connection could be made because the target machine actively refused it
in SYSTEMPATH\Database\BaseConnection.php on line 428.
 1 SYSTEMPATH\Database\BaseConnection.php(575): CodeIgniter\Database\BaseConnection->initialize()
 2 SYSTEMPATH\Database\BaseBuilder.php(1615): CodeIgniter\Database\BaseConnection->query('SELECT *
FROM `users`
WHERE `email` = :email:
 LIMIT 1', [...], false)
 3 SYSTEMPATH\Model.php(264): CodeIgniter\Database\BaseBuilder->get()
 4 SYSTEMPATH\BaseModel.php(662): CodeIgniter\Model->doFirst()
 5 APPPATH\Controllers\SigninController.php(23): CodeIgniter\BaseModel->first()
 6 SYSTEMPATH\CodeIgniter.php(942): App\Controllers\SigninController->login()
 7 SYSTEMPATH\CodeIgniter.php(502): CodeIgniter\CodeIgniter->runController(Object(App\Controllers\SigninController))
 8 SYSTEMPATH\CodeIgniter.php(361): CodeIgniter\CodeIgniter->handleRequest(null, Object(Config\Cache), false)
 9 FCPATH\index.php(79): CodeIgniter\CodeIgniter->run()
10 SYSTEMPATH\Commands\Server\rewrite.php(47): require_once('F:\\XAMPP\\htdocs\\WDPF55_CI\\CI_project\\public\\index.php')
INFO - 2023-12-09 03:27:19 --> Session: Class initialized using 'CodeIgniter\Session\Handlers\FileHandler' driver.
INFO - 2023-12-09 03:27:19 --> Session: Class initialized using 'CodeIgniter\Session\Handlers\FileHandler' driver.
INFO - 2023-12-09 03:27:27 --> Session: Class initialized using 'CodeIgniter\Session\Handlers\FileHandler' driver.
INFO - 2023-12-09 03:27:27 --> Session: Class initialized using 'CodeIgniter\Session\Handlers\FileHandler' driver.
INFO - 2023-12-09 03:27:35 --> Session: Class initialized using 'CodeIgniter\Session\Handlers\FileHandler' driver.
INFO - 2023-12-09 03:27:35 --> Session: Class initialized using 'CodeIgniter\Session\Handlers\FileHandler' driver.
INFO - 2023-12-09 03:28:43 --> Session: Class initialized using 'CodeIgniter\Session\Handlers\FileHandler' driver.
INFO - 2023-12-09 03:28:43 --> Session: Class initialized using 'CodeIgniter\Session\Handlers\FileHandler' driver.
INFO - 2023-12-09 03:28:49 --> Session: Class initialized using 'CodeIgniter\Session\Handlers\FileHandler' driver.
INFO - 2023-12-09 03:28:49 --> Session: Class initialized using 'CodeIgniter\Session\Handlers\FileHandler' driver.
INFO - 2023-12-09 03:43:52 --> Session: Class initialized using 'CodeIgniter\Session\Handlers\FileHandler' driver.
INFO - 2023-12-09 03:43:52 --> Session: Class initialized using 'CodeIgniter\Session\Handlers\FileHandler' driver.
INFO - 2023-12-09 03:43:57 --> Session: Class initialized using 'CodeIgniter\Session\Handlers\FileHandler' driver.
INFO - 2023-12-09 03:43:57 --> Session: Class initialized using 'CodeIgniter\Session\Handlers\FileHandler' driver.
INFO - 2023-12-09 03:44:49 --> Session: Class initialized using 'CodeIgniter\Session\Handlers\FileHandler' driver.
INFO - 2023-12-09 03:44:49 --> Session: Class initialized using 'CodeIgniter\Session\Handlers\FileHandler' driver.
INFO - 2023-12-09 03:48:19 --> Session: Class initialized using 'CodeIgniter\Session\Handlers\FileHandler' driver.
INFO - 2023-12-09 03:49:57 --> Session: Class initialized using 'CodeIgniter\Session\Handlers\FileHandler' driver.
INFO - 2023-12-09 03:49:57 --> Session: Class initialized using 'CodeIgniter\Session\Handlers\FileHandler' driver.
INFO - 2023-12-09 03:50:02 --> Session: Class initialized using 'CodeIgniter\Session\Handlers\FileHandler' driver.
INFO - 2023-12-09 03:50:02 --> Session: Class initialized using 'CodeIgniter\Session\Handlers\FileHandler' driver.
INFO - 2023-12-09 03:50:03 --> Session: Class initialized using 'CodeIgniter\Session\Handlers\FileHandler' driver.
INFO - 2023-12-09 03:50:05 --> Session: Class initialized using 'CodeIgniter\Session\Handlers\FileHandler' driver.
INFO - 2023-12-09 03:50:06 --> Session: Class initialized using 'CodeIgniter\Session\Handlers\FileHandler' driver.
INFO - 2023-12-09 03:50:11 --> Session: Class initialized using 'CodeIgniter\Session\Handlers\FileHandler' driver.
INFO - 2023-12-09 03:52:54 --> Session: Class initialized using 'CodeIgniter\Session\Handlers\FileHandler' driver.
INFO - 2023-12-09 03:52:54 --> Session: Class initialized using 'CodeIgniter\Session\Handlers\FileHandler' driver.
INFO - 2023-12-09 03:55:20 --> Session: Class initialized using 'CodeIgniter\Session\Handlers\FileHandler' driver.
INFO - 2023-12-09 04:03:22 --> Session: Class initialized using 'CodeIgniter\Session\Handlers\FileHandler' driver.
INFO - 2023-12-09 04:03:22 --> Session: Class initialized using 'CodeIgniter\Session\Handlers\FileHandler' driver.
INFO - 2023-12-09 04:03:37 --> Session: Class initialized using 'CodeIgniter\Session\Handlers\FileHandler' driver.
INFO - 2023-12-09 04:03:37 --> Session: Class initialized using 'CodeIgniter\Session\Handlers\FileHandler' driver.
INFO - 2023-12-09 04:14:07 --> Session: Class initialized using 'CodeIgniter\Session\Handlers\FileHandler' driver.
INFO - 2023-12-09 04:14:18 --> Session: Class initialized using 'CodeIgniter\Session\Handlers\FileHandler' driver.
INFO - 2023-12-09 04:14:21 --> Session: Class initialized using 'CodeIgniter\Session\Handlers\FileHandler' driver.
INFO - 2023-12-09 04:24:13 --> Session: Class initialized using 'CodeIgniter\Session\Handlers\FileHandler' driver.
INFO - 2023-12-09 04:29:52 --> Session: Class initialized using 'CodeIgniter\Session\Handlers\FileHandler' driver.
ERROR - 2023-12-09 04:48:20 --> mysqli_sql_exception: Can't create table `wdpf55_ci_project1`.`products` (errno: 150 "Foreign key constraint is incorrectly formed") in F:\XAMPP\htdocs\WDPF55_CI\CI_project\system\Database\MySQLi\Connection.php:306
Stack trace:
#0 F:\XAMPP\htdocs\WDPF55_CI\CI_project\system\Database\MySQLi\Connection.php(306): mysqli->query('CREATE TABLE `p...', 0)
#1 F:\XAMPP\htdocs\WDPF55_CI\CI_project\system\Database\BaseConnection.php(693): CodeIgniter\Database\MySQLi\Connection->execute('CREATE TABLE `p...')
#2 F:\XAMPP\htdocs\WDPF55_CI\CI_project\system\Database\BaseConnection.php(607): CodeIgniter\Database\BaseConnection->simpleQuery('CREATE TABLE `p...')
#3 F:\XAMPP\htdocs\WDPF55_CI\CI_project\system\Database\Forge.php(546): CodeIgniter\Database\BaseConnection->query('CREATE TABLE `p...')
#4 F:\XAMPP\htdocs\WDPF55_CI\CI_project\app\Database\Migrations\2023-12-02-065634_Products1Migration.php(42): CodeIgniter\Database\Forge->createTable('products')
#5 F:\XAMPP\htdocs\WDPF55_CI\CI_project\system\Database\MigrationRunner.php(873): App\Database\Migrations\Products1Migration->up()
#6 F:\XAMPP\htdocs\WDPF55_CI\CI_project\system\Database\MigrationRunner.php(188): CodeIgniter\Database\MigrationRunner->migrate('up', Object(stdClass))
#7 F:\XAMPP\htdocs\WDPF55_CI\CI_project\system\Commands\Database\Migrate.php(84): CodeIgniter\Database\MigrationRunner->latest(NULL)
#8 F:\XAMPP\htdocs\WDPF55_CI\CI_project\system\CLI\Commands.php(65): CodeIgniter\Commands\Database\Migrate->run(Array)
#9 F:\XAMPP\htdocs\WDPF55_CI\CI_project\system\CLI\Console.php(46): CodeIgniter\CLI\Commands->run('migrate', Array)
#10 F:\XAMPP\htdocs\WDPF55_CI\CI_project\spark(102): CodeIgniter\CLI\Console->run()
#11 {main}
ERROR - 2023-12-09 05:00:20 --> mysqli_sql_exception: Table 'category' already exists in F:\XAMPP\htdocs\WDPF55_CI\CI_project\system\Database\MySQLi\Connection.php:306
Stack trace:
#0 F:\XAMPP\htdocs\WDPF55_CI\CI_project\system\Database\MySQLi\Connection.php(306): mysqli->query('CREATE TABLE `c...', 0)
#1 F:\XAMPP\htdocs\WDPF55_CI\CI_project\system\Database\BaseConnection.php(693): CodeIgniter\Database\MySQLi\Connection->execute('CREATE TABLE `c...')
#2 F:\XAMPP\htdocs\WDPF55_CI\CI_project\system\Database\BaseConnection.php(607): CodeIgniter\Database\BaseConnection->simpleQuery('CREATE TABLE `c...')
#3 F:\XAMPP\htdocs\WDPF55_CI\CI_project\system\Database\Forge.php(546): CodeIgniter\Database\BaseConnection->query('CREATE TABLE `c...')
#4 F:\XAMPP\htdocs\WDPF55_CI\CI_project\app\Database\Migrations\2023-12-09-043508_CreateCategoryTable.php(25): CodeIgniter\Database\Forge->createTable('category')
#5 F:\XAMPP\htdocs\WDPF55_CI\CI_project\system\Database\MigrationRunner.php(873): App\Database\Migrations\CreateCategoryTable->up()
#6 F:\XAMPP\htdocs\WDPF55_CI\CI_project\system\Database\MigrationRunner.php(188): CodeIgniter\Database\MigrationRunner->migrate('up', Object(stdClass))
#7 F:\XAMPP\htdocs\WDPF55_CI\CI_project\system\Commands\Database\Migrate.php(84): CodeIgniter\Database\MigrationRunner->latest(NULL)
#8 F:\XAMPP\htdocs\WDPF55_CI\CI_project\system\CLI\Commands.php(65): CodeIgniter\Commands\Database\Migrate->run(Array)
#9 F:\XAMPP\htdocs\WDPF55_CI\CI_project\system\CLI\Console.php(46): CodeIgniter\CLI\Commands->run('migrate', Array)
#10 F:\XAMPP\htdocs\WDPF55_CI\CI_project\spark(102): CodeIgniter\CLI\Console->run()
#11 {main}
ERROR - 2023-12-09 05:00:48 --> mysqli_sql_exception: Table 'category' already exists in F:\XAMPP\htdocs\WDPF55_CI\CI_project\system\Database\MySQLi\Connection.php:306
Stack trace:
#0 F:\XAMPP\htdocs\WDPF55_CI\CI_project\system\Database\MySQLi\Connection.php(306): mysqli->query('CREATE TABLE `c...', 0)
#1 F:\XAMPP\htdocs\WDPF55_CI\CI_project\system\Database\BaseConnection.php(693): CodeIgniter\Database\MySQLi\Connection->execute('CREATE TABLE `c...')
#2 F:\XAMPP\htdocs\WDPF55_CI\CI_project\system\Database\BaseConnection.php(607): CodeIgniter\Database\BaseConnection->simpleQuery('CREATE TABLE `c...')
#3 F:\XAMPP\htdocs\WDPF55_CI\CI_project\system\Database\Forge.php(546): CodeIgniter\Database\BaseConnection->query('CREATE TABLE `c...')
#4 F:\XAMPP\htdocs\WDPF55_CI\CI_project\app\Database\Migrations\2023-12-09-043508_CreateCategoryTable.php(25): CodeIgniter\Database\Forge->createTable('category')
#5 F:\XAMPP\htdocs\WDPF55_CI\CI_project\system\Database\MigrationRunner.php(873): App\Database\Migrations\CreateCategoryTable->up()
#6 F:\XAMPP\htdocs\WDPF55_CI\CI_project\system\Database\MigrationRunner.php(188): CodeIgniter\Database\MigrationRunner->migrate('up', Object(stdClass))
#7 F:\XAMPP\htdocs\WDPF55_CI\CI_project\system\Commands\Database\Migrate.php(84): CodeIgniter\Database\MigrationRunner->latest(NULL)
#8 F:\XAMPP\htdocs\WDPF55_CI\CI_project\system\CLI\Commands.php(65): CodeIgniter\Commands\Database\Migrate->run(Array)
#9 F:\XAMPP\htdocs\WDPF55_CI\CI_project\system\CLI\Console.php(46): CodeIgniter\CLI\Commands->run('migrate', Array)
#10 F:\XAMPP\htdocs\WDPF55_CI\CI_project\spark(102): CodeIgniter\CLI\Console->run()
#11 {main}
ERROR - 2023-12-09 05:01:31 --> mysqli_sql_exception: Can't create table `wdpf55_ci_project1`.`products` (errno: 150 "Foreign key constraint is incorrectly formed") in F:\XAMPP\htdocs\WDPF55_CI\CI_project\system\Database\MySQLi\Connection.php:306
Stack trace:
#0 F:\XAMPP\htdocs\WDPF55_CI\CI_project\system\Database\MySQLi\Connection.php(306): mysqli->query('CREATE TABLE `p...', 0)
#1 F:\XAMPP\htdocs\WDPF55_CI\CI_project\system\Database\BaseConnection.php(693): CodeIgniter\Database\MySQLi\Connection->execute('CREATE TABLE `p...')
#2 F:\XAMPP\htdocs\WDPF55_CI\CI_project\system\Database\BaseConnection.php(607): CodeIgniter\Database\BaseConnection->simpleQuery('CREATE TABLE `p...')
#3 F:\XAMPP\htdocs\WDPF55_CI\CI_project\system\Database\Forge.php(546): CodeIgniter\Database\BaseConnection->query('CREATE TABLE `p...')
#4 F:\XAMPP\htdocs\WDPF55_CI\CI_project\app\Database\Migrations\2023-12-02-065634_Products1Migration.php(42): CodeIgniter\Database\Forge->createTable('products')
#5 F:\XAMPP\htdocs\WDPF55_CI\CI_project\system\Database\MigrationRunner.php(873): App\Database\Migrations\Products1Migration->up()
#6 F:\XAMPP\htdocs\WDPF55_CI\CI_project\system\Database\MigrationRunner.php(188): CodeIgniter\Database\MigrationRunner->migrate('up', Object(stdClass))
#7 F:\XAMPP\htdocs\WDPF55_CI\CI_project\system\Commands\Database\Migrate.php(84): CodeIgniter\Database\MigrationRunner->latest(NULL)
#8 F:\XAMPP\htdocs\WDPF55_CI\CI_project\system\CLI\Commands.php(65): CodeIgniter\Commands\Database\Migrate->run(Array)
#9 F:\XAMPP\htdocs\WDPF55_CI\CI_project\system\CLI\Console.php(46): CodeIgniter\CLI\Commands->run('migrate', Array)
#10 F:\XAMPP\htdocs\WDPF55_CI\CI_project\spark(102): CodeIgniter\CLI\Console->run()
#11 {main}
ERROR - 2023-12-09 05:02:30 --> mysqli_sql_exception: Table 'category' already exists in F:\XAMPP\htdocs\WDPF55_CI\CI_project\system\Database\MySQLi\Connection.php:306
Stack trace:
#0 F:\XAMPP\htdocs\WDPF55_CI\CI_project\system\Database\MySQLi\Connection.php(306): mysqli->query('CREATE TABLE `c...', 0)
#1 F:\XAMPP\htdocs\WDPF55_CI\CI_project\system\Database\BaseConnection.php(693): CodeIgniter\Database\MySQLi\Connection->execute('CREATE TABLE `c...')
#2 F:\XAMPP\htdocs\WDPF55_CI\CI_project\system\Database\BaseConnection.php(607): CodeIgniter\Database\BaseConnection->simpleQuery('CREATE TABLE `c...')
#3 F:\XAMPP\htdocs\WDPF55_CI\CI_project\system\Database\Forge.php(546): CodeIgniter\Database\BaseConnection->query('CREATE TABLE `c...')
#4 F:\XAMPP\htdocs\WDPF55_CI\CI_project\app\Database\Migrations\2023-12-09-043508_CreateCategoryTable.php(25): CodeIgniter\Database\Forge->createTable('category')
#5 F:\XAMPP\htdocs\WDPF55_CI\CI_project\system\Database\MigrationRunner.php(873): App\Database\Migrations\CreateCategoryTable->up()
#6 F:\XAMPP\htdocs\WDPF55_CI\CI_project\system\Database\MigrationRunner.php(188): CodeIgniter\Database\MigrationRunner->migrate('up', Object(stdClass))
#7 F:\XAMPP\htdocs\WDPF55_CI\CI_project\system\Commands\Database\Migrate.php(84): CodeIgniter\Database\MigrationRunner->latest(NULL)
#8 F:\XAMPP\htdocs\WDPF55_CI\CI_project\system\CLI\Commands.php(65): CodeIgniter\Commands\Database\Migrate->run(Array)
#9 F:\XAMPP\htdocs\WDPF55_CI\CI_project\system\CLI\Console.php(46): CodeIgniter\CLI\Commands->run('migrate', Array)
#10 F:\XAMPP\htdocs\WDPF55_CI\CI_project\spark(102): CodeIgniter\CLI\Console->run()
#11 {main}
INFO - 2023-12-09 06:22:54 --> Session: Class initialized using 'CodeIgniter\Session\Handlers\FileHandler' driver.
INFO - 2023-12-09 06:23:03 --> Session: Class initialized using 'CodeIgniter\Session\Handlers\FileHandler' driver.
INFO - 2023-12-09 06:24:53 --> Session: Class initialized using 'CodeIgniter\Session\Handlers\FileHandler' driver.
CRITICAL - 2023-12-09 06:24:55 --> Invalid file: "category.php"
in SYSTEMPATH\Exceptions\FrameworkException.php on line 39.
 1 SYSTEMPATH\View\View.php(216): CodeIgniter\Exceptions\FrameworkException::forInvalidFile('category.php')
 2 SYSTEMPATH\Common.php(1190): CodeIgniter\View\View->render('category', [], true)
 3 APPPATH\Controllers\CategoryController.php(18): view('category')
 4 SYSTEMPATH\CodeIgniter.php(942): App\Controllers\CategoryController->index()
 5 SYSTEMPATH\CodeIgniter.php(502): CodeIgniter\CodeIgniter->runController(Object(App\Controllers\CategoryController))
 6 SYSTEMPATH\CodeIgniter.php(361): CodeIgniter\CodeIgniter->handleRequest(null, Object(Config\Cache), false)
 7 FCPATH\index.php(79): CodeIgniter\CodeIgniter->run()
 8 SYSTEMPATH\Commands\Server\rewrite.php(47): require_once('F:\\XAMPP\\htdocs\\WDPF55_CI\\CI_project\\public\\index.php')
INFO - 2023-12-09 06:27:41 --> Session: Class initialized using 'CodeIgniter\Session\Handlers\FileHandler' driver.
INFO - 2023-12-09 06:30:49 --> Session: Class initialized using 'CodeIgniter\Session\Handlers\FileHandler' driver.
INFO - 2023-12-09 06:30:52 --> Session: Class initialized using 'CodeIgniter\Session\Handlers\FileHandler' driver.
INFO - 2023-12-09 06:31:34 --> Session: Class initialized using 'CodeIgniter\Session\Handlers\FileHandler' driver.
INFO - 2023-12-09 06:31:38 --> Session: Class initialized using 'CodeIgniter\Session\Handlers\FileHandler' driver.
INFO - 2023-12-09 06:31:42 --> Session: Class initialized using 'CodeIgniter\Session\Handlers\FileHandler' driver.
INFO - 2023-12-09 06:43:16 --> Session: Class initialized using 'CodeIgniter\Session\Handlers\FileHandler' driver.
CRITICAL - 2023-12-09 06:43:27 --> Invalid file: "index.php"
in SYSTEMPATH\Exceptions\FrameworkException.php on line 39.
 1 SYSTEMPATH\View\View.php(216): CodeIgniter\Exceptions\FrameworkException::forInvalidFile('index.php')
 2 SYSTEMPATH\Common.php(1190): CodeIgniter\View\View->render('index', [], true)
 3 APPPATH\Controllers\CategoryController.php(21): view('index', [...])
 4 SYSTEMPATH\CodeIgniter.php(942): App\Controllers\CategoryController->index()
 5 SYSTEMPATH\CodeIgniter.php(502): CodeIgniter\CodeIgniter->runController(Object(App\Controllers\CategoryController))
 6 SYSTEMPATH\CodeIgniter.php(361): CodeIgniter\CodeIgniter->handleRequest(null, Object(Config\Cache), false)
 7 FCPATH\index.php(79): CodeIgniter\CodeIgniter->run()
 8 SYSTEMPATH\Commands\Server\rewrite.php(47): require_once('F:\\XAMPP\\htdocs\\WDPF55_CI\\CI_project\\public\\index.php')
INFO - 2023-12-09 06:43:34 --> Session: Class initialized using 'CodeIgniter\Session\Handlers\FileHandler' driver.
INFO - 2023-12-09 06:43:37 --> Session: Class initialized using 'CodeIgniter\Session\Handlers\FileHandler' driver.
CRITICAL - 2023-12-09 06:43:40 --> Invalid file: "index.php"
in SYSTEMPATH\Exceptions\FrameworkException.php on line 39.
 1 SYSTEMPATH\View\View.php(216): CodeIgniter\Exceptions\FrameworkException::forInvalidFile('index.php')
 2 SYSTEMPATH\Common.php(1190): CodeIgniter\View\View->render('index', [], true)
 3 APPPATH\Controllers\CategoryController.php(21): view('index', [...])
 4 SYSTEMPATH\CodeIgniter.php(942): App\Controllers\CategoryController->index()
 5 SYSTEMPATH\CodeIgniter.php(502): CodeIgniter\CodeIgniter->runController(Object(App\Controllers\CategoryController))
 6 SYSTEMPATH\CodeIgniter.php(361): CodeIgniter\CodeIgniter->handleRequest(null, Object(Config\Cache), false)
 7 FCPATH\index.php(79): CodeIgniter\CodeIgniter->run()
 8 SYSTEMPATH\Commands\Server\rewrite.php(47): require_once('F:\\XAMPP\\htdocs\\WDPF55_CI\\CI_project\\public\\index.php')
INFO - 2023-12-09 06:43:41 --> Session: Class initialized using 'CodeIgniter\Session\Handlers\FileHandler' driver.
CRITICAL - 2023-12-09 06:43:44 --> Invalid file: "index.php"
in SYSTEMPATH\Exceptions\FrameworkException.php on line 39.
 1 SYSTEMPATH\View\View.php(216): CodeIgniter\Exceptions\FrameworkException::forInvalidFile('index.php')
 2 SYSTEMPATH\Common.php(1190): CodeIgniter\View\View->render('index', [], true)
 3 APPPATH\Controllers\CategoryController.php(21): view('index', [...])
 4 SYSTEMPATH\CodeIgniter.php(942): App\Controllers\CategoryController->index()
 5 SYSTEMPATH\CodeIgniter.php(502): CodeIgniter\CodeIgniter->runController(Object(App\Controllers\CategoryController))
 6 SYSTEMPATH\CodeIgniter.php(361): CodeIgniter\CodeIgniter->handleRequest(null, Object(Config\Cache), false)
 7 FCPATH\index.php(79): CodeIgniter\CodeIgniter->run()
 8 SYSTEMPATH\Commands\Server\rewrite.php(47): require_once('F:\\XAMPP\\htdocs\\WDPF55_CI\\CI_project\\public\\index.php')
INFO - 2023-12-09 06:44:24 --> Session: Class initialized using 'CodeIgniter\Session\Handlers\FileHandler' driver.
INFO - 2023-12-09 06:44:24 --> Session: Class initialized using 'CodeIgniter\Session\Handlers\FileHandler' driver.
CRITICAL - 2023-12-09 06:44:27 --> Invalid file: "index.php"
in SYSTEMPATH\Exceptions\FrameworkException.php on line 39.
 1 SYSTEMPATH\View\View.php(216): CodeIgniter\Exceptions\FrameworkException::forInvalidFile('index.php')
 2 SYSTEMPATH\Common.php(1190): CodeIgniter\View\View->render('index', [], true)
 3 APPPATH\Controllers\CategoryController.php(21): view('index', [...])
 4 SYSTEMPATH\CodeIgniter.php(942): App\Controllers\CategoryController->index()
 5 SYSTEMPATH\CodeIgniter.php(502): CodeIgniter\CodeIgniter->runController(Object(App\Controllers\CategoryController))
 6 SYSTEMPATH\CodeIgniter.php(361): CodeIgniter\CodeIgniter->handleRequest(null, Object(Config\Cache), false)
 7 FCPATH\index.php(79): CodeIgniter\CodeIgniter->run()
 8 SYSTEMPATH\Commands\Server\rewrite.php(47): require_once('F:\\XAMPP\\htdocs\\WDPF55_CI\\CI_project\\public\\index.php')
CRITICAL - 2023-12-09 06:47:34 --> Invalid file: "category/index.php"
in SYSTEMPATH\Exceptions\FrameworkException.php on line 39.
 1 SYSTEMPATH\View\View.php(216): CodeIgniter\Exceptions\FrameworkException::forInvalidFile('category/index.php')
 2 SYSTEMPATH\Common.php(1190): CodeIgniter\View\View->render('category/index', [], true)
 3 APPPATH\Controllers\CategoryController.php(21): view('category/index', [...])
 4 SYSTEMPATH\CodeIgniter.php(942): App\Controllers\CategoryController->index()
 5 SYSTEMPATH\CodeIgniter.php(502): CodeIgniter\CodeIgniter->runController(Object(App\Controllers\CategoryController))
 6 SYSTEMPATH\CodeIgniter.php(361): CodeIgniter\CodeIgniter->handleRequest(null, Object(Config\Cache), false)
 7 FCPATH\index.php(79): CodeIgniter\CodeIgniter->run()
 8 SYSTEMPATH\Commands\Server\rewrite.php(47): require_once('F:\\XAMPP\\htdocs\\WDPF55_CI\\CI_project\\public\\index.php')
INFO - 2023-12-09 06:49:03 --> Session: Class initialized using 'CodeIgniter\Session\Handlers\FileHandler' driver.
CRITICAL - 2023-12-09 06:49:05 --> Invalid file: "category/index.php"
in SYSTEMPATH\Exceptions\FrameworkException.php on line 39.
 1 SYSTEMPATH\View\View.php(216): CodeIgniter\Exceptions\FrameworkException::forInvalidFile('category/index.php')
 2 SYSTEMPATH\Common.php(1190): CodeIgniter\View\View->render('category/index', [], true)
 3 APPPATH\Controllers\CategoryController.php(21): view('category/index', [...])
 4 SYSTEMPATH\CodeIgniter.php(942): App\Controllers\CategoryController->index()
 5 SYSTEMPATH\CodeIgniter.php(502): CodeIgniter\CodeIgniter->runController(Object(App\Controllers\CategoryController))
 6 SYSTEMPATH\CodeIgniter.php(361): CodeIgniter\CodeIgniter->handleRequest(null, Object(Config\Cache), false)
 7 FCPATH\index.php(79): CodeIgniter\CodeIgniter->run()
 8 SYSTEMPATH\Commands\Server\rewrite.php(47): require_once('F:\\XAMPP\\htdocs\\WDPF55_CI\\CI_project\\public\\index.php')
INFO - 2023-12-09 06:50:59 --> Session: Class initialized using 'CodeIgniter\Session\Handlers\FileHandler' driver.
CRITICAL - 2023-12-09 06:51:03 --> Invalid file: "category/index.php"
in SYSTEMPATH\Exceptions\FrameworkException.php on line 39.
 1 SYSTEMPATH\View\View.php(216): CodeIgniter\Exceptions\FrameworkException::forInvalidFile('category/index.php')
 2 SYSTEMPATH\Common.php(1190): CodeIgniter\View\View->render('category/index', [], true)
 3 APPPATH\Controllers\CategoryController.php(21): view('category/index', [...])
 4 SYSTEMPATH\CodeIgniter.php(942): App\Controllers\CategoryController->index()
 5 SYSTEMPATH\CodeIgniter.php(502): CodeIgniter\CodeIgniter->runController(Object(App\Controllers\CategoryController))
 6 SYSTEMPATH\CodeIgniter.php(361): CodeIgniter\CodeIgniter->handleRequest(null, Object(Config\Cache), false)
 7 FCPATH\index.php(79): CodeIgniter\CodeIgniter->run()
 8 SYSTEMPATH\Commands\Server\rewrite.php(47): require_once('F:\\XAMPP\\htdocs\\WDPF55_CI\\CI_project\\public\\index.php')
INFO - 2023-12-09 06:54:03 --> Session: Class initialized using 'CodeIgniter\Session\Handlers\FileHandler' driver.
CRITICAL - 2023-12-09 06:54:08 --> Invalid file: "category/index.php"
in SYSTEMPATH\Exceptions\FrameworkException.php on line 39.
 1 SYSTEMPATH\View\View.php(216): CodeIgniter\Exceptions\FrameworkException::forInvalidFile('category/index.php')
 2 SYSTEMPATH\Common.php(1190): CodeIgniter\View\View->render('category/index', [], true)
 3 APPPATH\Controllers\CategoryController.php(21): view('category/index', [...])
 4 SYSTEMPATH\CodeIgniter.php(942): App\Controllers\CategoryController->index()
 5 SYSTEMPATH\CodeIgniter.php(502): CodeIgniter\CodeIgniter->runController(Object(App\Controllers\CategoryController))
 6 SYSTEMPATH\CodeIgniter.php(361): CodeIgniter\CodeIgniter->handleRequest(null, Object(Config\Cache), false)
 7 FCPATH\index.php(79): CodeIgniter\CodeIgniter->run()
 8 SYSTEMPATH\Commands\Server\rewrite.php(47): require_once('F:\\XAMPP\\htdocs\\WDPF55_CI\\CI_project\\public\\index.php')
CRITICAL - 2023-12-09 06:54:27 --> Invalid file: "category/index.php"
in SYSTEMPATH\Exceptions\FrameworkException.php on line 39.
 1 SYSTEMPATH\View\View.php(216): CodeIgniter\Exceptions\FrameworkException::forInvalidFile('category/index.php')
 2 SYSTEMPATH\Common.php(1190): CodeIgniter\View\View->render('category/index', [], true)
 3 APPPATH\Controllers\CategoryController.php(21): view('category/index', [...])
 4 SYSTEMPATH\CodeIgniter.php(942): App\Controllers\CategoryController->index()
 5 SYSTEMPATH\CodeIgniter.php(502): CodeIgniter\CodeIgniter->runController(Object(App\Controllers\CategoryController))
 6 SYSTEMPATH\CodeIgniter.php(361): CodeIgniter\CodeIgniter->handleRequest(null, Object(Config\Cache), false)
 7 FCPATH\index.php(79): CodeIgniter\CodeIgniter->run()
 8 SYSTEMPATH\Commands\Server\rewrite.php(47): require_once('F:\\XAMPP\\htdocs\\WDPF55_CI\\CI_project\\public\\index.php')
INFO - 2023-12-09 06:54:30 --> Session: Class initialized using 'CodeIgniter\Session\Handlers\FileHandler' driver.
CRITICAL - 2023-12-09 06:54:32 --> Invalid file: "category/index.php"
in SYSTEMPATH\Exceptions\FrameworkException.php on line 39.
 1 SYSTEMPATH\View\View.php(216): CodeIgniter\Exceptions\FrameworkException::forInvalidFile('category/index.php')
 2 SYSTEMPATH\Common.php(1190): CodeIgniter\View\View->render('category/index', [], true)
 3 APPPATH\Controllers\CategoryController.php(21): view('category/index', [...])
 4 SYSTEMPATH\CodeIgniter.php(942): App\Controllers\CategoryController->index()
 5 SYSTEMPATH\CodeIgniter.php(502): CodeIgniter\CodeIgniter->runController(Object(App\Controllers\CategoryController))
 6 SYSTEMPATH\CodeIgniter.php(361): CodeIgniter\CodeIgniter->handleRequest(null, Object(Config\Cache), false)
 7 FCPATH\index.php(79): CodeIgniter\CodeIgniter->run()
 8 SYSTEMPATH\Commands\Server\rewrite.php(47): require_once('F:\\XAMPP\\htdocs\\WDPF55_CI\\CI_project\\public\\index.php')
INFO - 2023-12-09 06:55:29 --> Session: Class initialized using 'CodeIgniter\Session\Handlers\FileHandler' driver.
CRITICAL - 2023-12-09 06:55:31 --> Invalid file: "category/index.php"
in SYSTEMPATH\Exceptions\FrameworkException.php on line 39.
 1 SYSTEMPATH\View\View.php(216): CodeIgniter\Exceptions\FrameworkException::forInvalidFile('category/index.php')
 2 SYSTEMPATH\Common.php(1190): CodeIgniter\View\View->render('category/index', [], true)
 3 APPPATH\Controllers\CategoryController.php(21): view('category/index', [...])
 4 SYSTEMPATH\CodeIgniter.php(942): App\Controllers\CategoryController->index()
 5 SYSTEMPATH\CodeIgniter.php(502): CodeIgniter\CodeIgniter->runController(Object(App\Controllers\CategoryController))
 6 SYSTEMPATH\CodeIgniter.php(361): CodeIgniter\CodeIgniter->handleRequest(null, Object(Config\Cache), false)
 7 FCPATH\index.php(79): CodeIgniter\CodeIgniter->run()
 8 SYSTEMPATH\Commands\Server\rewrite.php(47): require_once('F:\\XAMPP\\htdocs\\WDPF55_CI\\CI_project\\public\\index.php')
INFO - 2023-12-09 06:56:45 --> Session: Class initialized using 'CodeIgniter\Session\Handlers\FileHandler' driver.
CRITICAL - 2023-12-09 06:56:48 --> Invalid file: "category/index.php"
in SYSTEMPATH\Exceptions\FrameworkException.php on line 39.
 1 SYSTEMPATH\View\View.php(216): CodeIgniter\Exceptions\FrameworkException::forInvalidFile('category/index.php')
 2 SYSTEMPATH\Common.php(1190): CodeIgniter\View\View->render('category/index', [], true)
 3 APPPATH\Controllers\CategoryController.php(21): view('category/index', [...])
 4 SYSTEMPATH\CodeIgniter.php(942): App\Controllers\CategoryController->index()
 5 SYSTEMPATH\CodeIgniter.php(502): CodeIgniter\CodeIgniter->runController(Object(App\Controllers\CategoryController))
 6 SYSTEMPATH\CodeIgniter.php(361): CodeIgniter\CodeIgniter->handleRequest(null, Object(Config\Cache), false)
 7 FCPATH\index.php(79): CodeIgniter\CodeIgniter->run()
 8 SYSTEMPATH\Commands\Server\rewrite.php(47): require_once('F:\\XAMPP\\htdocs\\WDPF55_CI\\CI_project\\public\\index.php')
INFO - 2023-12-09 06:57:56 --> Session: Class initialized using 'CodeIgniter\Session\Handlers\FileHandler' driver.
CRITICAL - 2023-12-09 06:57:59 --> Invalid file: "category/index.php"
in SYSTEMPATH\Exceptions\FrameworkException.php on line 39.
 1 SYSTEMPATH\View\View.php(216): CodeIgniter\Exceptions\FrameworkException::forInvalidFile('category/index.php')
 2 SYSTEMPATH\Common.php(1190): CodeIgniter\View\View->render('category/index', [], true)
 3 APPPATH\Controllers\CategoryController.php(21): view('category/index', [...])
 4 SYSTEMPATH\CodeIgniter.php(942): App\Controllers\CategoryController->index()
 5 SYSTEMPATH\CodeIgniter.php(502): CodeIgniter\CodeIgniter->runController(Object(App\Controllers\CategoryController))
 6 SYSTEMPATH\CodeIgniter.php(361): CodeIgniter\CodeIgniter->handleRequest(null, Object(Config\Cache), false)
 7 FCPATH\index.php(79): CodeIgniter\CodeIgniter->run()
 8 SYSTEMPATH\Commands\Server\rewrite.php(47): require_once('F:\\XAMPP\\htdocs\\WDPF55_CI\\CI_project\\public\\index.php')
INFO - 2023-12-09 06:59:59 --> Session: Class initialized using 'CodeIgniter\Session\Handlers\FileHandler' driver.
INFO - 2023-12-09 06:59:59 --> Session: Class initialized using 'CodeIgniter\Session\Handlers\FileHandler' driver.
INFO - 2023-12-09 07:00:06 --> Session: Class initialized using 'CodeIgniter\Session\Handlers\FileHandler' driver.
INFO - 2023-12-09 07:00:06 --> Session: Class initialized using 'CodeIgniter\Session\Handlers\FileHandler' driver.
CRITICAL - 2023-12-09 07:00:10 --> Invalid file: "category/index.php"
in SYSTEMPATH\Exceptions\FrameworkException.php on line 39.
 1 SYSTEMPATH\View\View.php(216): CodeIgniter\Exceptions\FrameworkException::forInvalidFile('category/index.php')
 2 SYSTEMPATH\Common.php(1190): CodeIgniter\View\View->render('category/index', [], true)
 3 APPPATH\Controllers\CategoryController.php(21): view('category/index', [...])
 4 SYSTEMPATH\CodeIgniter.php(942): App\Controllers\CategoryController->index()
 5 SYSTEMPATH\CodeIgniter.php(502): CodeIgniter\CodeIgniter->runController(Object(App\Controllers\CategoryController))
 6 SYSTEMPATH\CodeIgniter.php(361): CodeIgniter\CodeIgniter->handleRequest(null, Object(Config\Cache), false)
 7 FCPATH\index.php(79): CodeIgniter\CodeIgniter->run()
 8 SYSTEMPATH\Commands\Server\rewrite.php(47): require_once('F:\\XAMPP\\htdocs\\WDPF55_CI\\CI_project\\public\\index.php')
INFO - 2023-12-09 07:04:52 --> Session: Class initialized using 'CodeIgniter\Session\Handlers\FileHandler' driver.
INFO - 2023-12-09 07:04:55 --> Session: Class initialized using 'CodeIgniter\Session\Handlers\FileHandler' driver.
CRITICAL - 2023-12-09 07:04:55 --> Undefined array key "photo"
in APPPATH\Views\category\index.php on line 94.
 1 APPPATH\Views\category\index.php(94): CodeIgniter\Debug\Exceptions->errorHandler(2, 'Undefined array key "photo"', 'F:\\XAMPP\\htdocs\\WDPF55_CI\\CI_project\\app\\Views\\category\\index.php', 94)
 2 SYSTEMPATH\View\View.php(228): include('F:\\XAMPP\\htdocs\\WDPF55_CI\\CI_project\\app\\Views\\category\\index.php')
 3 SYSTEMPATH\View\View.php(231): CodeIgniter\View\View->CodeIgniter\View\{closure}()
 4 SYSTEMPATH\Common.php(1190): CodeIgniter\View\View->render('category/index', [], true)
 5 APPPATH\Controllers\CategoryController.php(21): view('category/index', [...])
 6 SYSTEMPATH\CodeIgniter.php(942): App\Controllers\CategoryController->index()
 7 SYSTEMPATH\CodeIgniter.php(502): CodeIgniter\CodeIgniter->runController(Object(App\Controllers\CategoryController))
 8 SYSTEMPATH\CodeIgniter.php(361): CodeIgniter\CodeIgniter->handleRequest(null, Object(Config\Cache), false)
 9 FCPATH\index.php(79): CodeIgniter\CodeIgniter->run()
10 SYSTEMPATH\Commands\Server\rewrite.php(47): require_once('F:\\XAMPP\\htdocs\\WDPF55_CI\\CI_project\\public\\index.php')
INFO - 2023-12-09 07:04:58 --> Session: Class initialized using 'CodeIgniter\Session\Handlers\FileHandler' driver.
INFO - 2023-12-09 07:06:19 --> Session: Class initialized using 'CodeIgniter\Session\Handlers\FileHandler' driver.
INFO - 2023-12-09 07:06:21 --> Session: Class initialized using 'CodeIgniter\Session\Handlers\FileHandler' driver.
CRITICAL - 2023-12-09 07:06:21 --> Undefined array key "product_id"
in APPPATH\Views\category\index.php on line 96.
 1 APPPATH\Views\category\index.php(96): CodeIgniter\Debug\Exceptions->errorHandler(2, 'Undefined array key "product_id"', 'F:\\XAMPP\\htdocs\\WDPF55_CI\\CI_project\\app\\Views\\category\\index.php', 96)
 2 SYSTEMPATH\View\View.php(228): include('F:\\XAMPP\\htdocs\\WDPF55_CI\\CI_project\\app\\Views\\category\\index.php')
 3 SYSTEMPATH\View\View.php(231): CodeIgniter\View\View->CodeIgniter\View\{closure}()
 4 SYSTEMPATH\Common.php(1190): CodeIgniter\View\View->render('category/index', [], true)
 5 APPPATH\Controllers\CategoryController.php(21): view('category/index', [...])
 6 SYSTEMPATH\CodeIgniter.php(942): App\Controllers\CategoryController->index()
 7 SYSTEMPATH\CodeIgniter.php(502): CodeIgniter\CodeIgniter->runController(Object(App\Controllers\CategoryController))
 8 SYSTEMPATH\CodeIgniter.php(361): CodeIgniter\CodeIgniter->handleRequest(null, Object(Config\Cache), false)
 9 FCPATH\index.php(79): CodeIgniter\CodeIgniter->run()
10 SYSTEMPATH\Commands\Server\rewrite.php(47): require_once('F:\\XAMPP\\htdocs\\WDPF55_CI\\CI_project\\public\\index.php')
INFO - 2023-12-09 07:06:24 --> Session: Class initialized using 'CodeIgniter\Session\Handlers\FileHandler' driver.
INFO - 2023-12-09 07:07:01 --> Session: Class initialized using 'CodeIgniter\Session\Handlers\FileHandler' driver.
INFO - 2023-12-09 07:07:04 --> Session: Class initialized using 'CodeIgniter\Session\Handlers\FileHandler' driver.
INFO - 2023-12-09 07:09:03 --> Session: Class initialized using 'CodeIgniter\Session\Handlers\FileHandler' driver.
